This file contains any messages produced by compilers while
running configure, to aid debugging if configure makes a mistake.

It was created by XZ Utils configure 5.2.4, which was
generated by GNU Autoconf 2.69.  Invocation command line was

  $ ../configure 

## --------- ##
## Platform. ##
## --------- ##

hostname = viserion
uname -m = x86_64
uname -r = 4.13.0-39-generic
uname -s = Linux
uname -v = #44~16.04.1-Ubuntu SMP Thu Apr 5 16:43:10 UTC 2018

/usr/bin/uname -p = unknown
/bin/uname -X     = unknown

/bin/arch              = unknown
/usr/bin/arch -k       = unknown
/usr/convex/getsysinfo = unknown
/usr/bin/hostinfo      = unknown
/bin/machine           = unknown
/usr/bin/oslevel       = unknown
/bin/universe          = unknown

PATH: /home/ken/go/bin
PATH: /usr/local/go/bin
PATH: /home/ken/.pyenv/plugins/pyenv-virtualenv/shims
PATH: /home/ken/.pyenv/shims
PATH: /home/ken/.pyenv/bin
PATH: /home/ken/bin
PATH: /home/ken/.local/bin
PATH: /usr/local/sbin
PATH: /usr/local/bin
PATH: /usr/sbin
PATH: /usr/bin
PATH: /sbin
PATH: /bin
PATH: /usr/games
PATH: /usr/local/games
PATH: /snap/bin
PATH: /usr/lib/jvm/java-8-oracle/bin
PATH: /usr/lib/jvm/java-8-oracle/db/bin
PATH: /usr/lib/jvm/java-8-oracle/jre/bin
PATH: /opt/google/chrome
PATH: /home/ken/bin


## ----------- ##
## Core tests. ##
## ----------- ##

configure:2968: checking build system type
configure:2982: result: x86_64-pc-linux-gnu
configure:3002: checking host system type
configure:3015: result: x86_64-pc-linux-gnu
configure:3075: checking if debugging code should be compiled
configure:3091: result: no
configure:3131: checking which encoders to build
configure:3222: result: lzma1 lzma2 delta x86 powerpc ia64 arm armthumb sparc
configure:3226: checking which decoders to build
configure:3317: result: lzma1 lzma2 delta x86 powerpc ia64 arm armthumb sparc
configure:3656: checking which match finders to build
configure:3707: result: hc3 hc4 bt2 bt3 bt4
configure:3725: checking which integrity checks to build
configure:3767: result: crc32 crc64 sha256
configure:3799: checking if external SHA-256 should be used
configure:3815: result: no
configure:3824: checking if assembler optimizations should be used
configure:3848: result: x86_64
configure:3879: checking if small size is preferred over speed
configure:3897: result: no
configure:3913: checking if threading support is wanted
configure:3939: result: yes, posix
configure:3972: checking how much RAM to assume if the real amount is unknown
configure:3987: result: 128 MiB
configure:4120: checking if library symbol versioning should be used
configure:4143: result: yes
configure:4159: checking if sandboxing should be used
configure:4174: result: no
configure:4191: checking for a shell that conforms to POSIX
configure:4232: result: /bin/bash
configure:4273: checking for a BSD-compatible install
configure:4341: result: /usr/bin/install -c
configure:4352: checking whether build environment is sane
configure:4407: result: yes
configure:4558: checking for a thread-safe mkdir -p
configure:4597: result: /bin/mkdir -p
configure:4604: checking for gawk
configure:4634: result: no
configure:4604: checking for mawk
configure:4620: found /usr/bin/mawk
configure:4631: result: mawk
configure:4642: checking whether make sets $(MAKE)
configure:4664: result: yes
configure:4693: checking whether make supports nested variables
configure:4710: result: yes
configure:4727: error: source directory already configured; run "make distclean" there first

## ---------------- ##
## Cache variables. ##
## ---------------- ##

ac_cv_build=x86_64-pc-linux-gnu
ac_cv_env_CCASFLAGS_set=
ac_cv_env_CCASFLAGS_value=
ac_cv_env_CCAS_set=
ac_cv_env_CCAS_value=
ac_cv_env_CC_set=
ac_cv_env_CC_value=
ac_cv_env_CFLAGS_set=
ac_cv_env_CFLAGS_value=
ac_cv_env_CPPFLAGS_set=
ac_cv_env_CPPFLAGS_value=
ac_cv_env_CPP_set=
ac_cv_env_CPP_value=
ac_cv_env_LDFLAGS_set=
ac_cv_env_LDFLAGS_value=
ac_cv_env_LIBS_set=
ac_cv_env_LIBS_value=
ac_cv_env_LT_SYS_LIBRARY_PATH_set=
ac_cv_env_LT_SYS_LIBRARY_PATH_value=
ac_cv_env_build_alias_set=
ac_cv_env_build_alias_value=
ac_cv_env_host_alias_set=
ac_cv_env_host_alias_value=
ac_cv_env_target_alias_set=
ac_cv_env_target_alias_value=
ac_cv_host=x86_64-pc-linux-gnu
ac_cv_path_install='/usr/bin/install -c'
ac_cv_path_mkdir=/bin/mkdir
ac_cv_prog_AWK=mawk
ac_cv_prog_make_make_set=yes
am_cv_make_support_nested_variables=yes
gl_cv_posix_shell=/bin/bash

## ----------------- ##
## Output variables. ##
## ----------------- ##

ACLOCAL=''
AMDEPBACKSLASH=''
AMDEP_FALSE=''
AMDEP_TRUE=''
AMTAR=''
AM_BACKSLASH='\'
AM_CFLAGS=''
AM_DEFAULT_V='$(AM_DEFAULT_VERBOSITY)'
AM_DEFAULT_VERBOSITY='1'
AM_V='$(V)'
AR=''
AS=''
AUTOCONF=''
AUTOHEADER=''
AUTOMAKE=''
AWK='mawk'
CAPSICUM_LIB=''
CC=''
CCAS=''
CCASDEPMODE=''
CCASFLAGS=''
CCDEPMODE=''
CFLAGS=''
CFLAG_VISIBILITY=''
COND_ASM_X86_64_FALSE='#'
COND_ASM_X86_64_TRUE=''
COND_ASM_X86_FALSE=''
COND_ASM_X86_TRUE='#'
COND_CHECK_CRC32_FALSE='#'
COND_CHECK_CRC32_TRUE=''
COND_CHECK_CRC64_FALSE='#'
COND_CHECK_CRC64_TRUE=''
COND_CHECK_SHA256_FALSE='#'
COND_CHECK_SHA256_TRUE=''
COND_DECODER_ARMTHUMB_FALSE='#'
COND_DECODER_ARMTHUMB_TRUE=''
COND_DECODER_ARM_FALSE='#'
COND_DECODER_ARM_TRUE=''
COND_DECODER_DELTA_FALSE='#'
COND_DECODER_DELTA_TRUE=''
COND_DECODER_IA64_FALSE='#'
COND_DECODER_IA64_TRUE=''
COND_DECODER_LZMA1_FALSE='#'
COND_DECODER_LZMA1_TRUE=''
COND_DECODER_LZMA2_FALSE='#'
COND_DECODER_LZMA2_TRUE=''
COND_DECODER_LZ_FALSE='#'
COND_DECODER_LZ_TRUE=''
COND_DECODER_POWERPC_FALSE='#'
COND_DECODER_POWERPC_TRUE=''
COND_DECODER_SIMPLE_FALSE='#'
COND_DECODER_SIMPLE_TRUE=''
COND_DECODER_SPARC_FALSE='#'
COND_DECODER_SPARC_TRUE=''
COND_DECODER_X86_FALSE='#'
COND_DECODER_X86_TRUE=''
COND_DOC_FALSE='#'
COND_DOC_TRUE=''
COND_ENCODER_ARMTHUMB_FALSE='#'
COND_ENCODER_ARMTHUMB_TRUE=''
COND_ENCODER_ARM_FALSE='#'
COND_ENCODER_ARM_TRUE=''
COND_ENCODER_DELTA_FALSE='#'
COND_ENCODER_DELTA_TRUE=''
COND_ENCODER_IA64_FALSE='#'
COND_ENCODER_IA64_TRUE=''
COND_ENCODER_LZMA1_FALSE='#'
COND_ENCODER_LZMA1_TRUE=''
COND_ENCODER_LZMA2_FALSE='#'
COND_ENCODER_LZMA2_TRUE=''
COND_ENCODER_LZ_FALSE='#'
COND_ENCODER_LZ_TRUE=''
COND_ENCODER_POWERPC_FALSE='#'
COND_ENCODER_POWERPC_TRUE=''
COND_ENCODER_SIMPLE_FALSE='#'
COND_ENCODER_SIMPLE_TRUE=''
COND_ENCODER_SPARC_FALSE='#'
COND_ENCODER_SPARC_TRUE=''
COND_ENCODER_X86_FALSE='#'
COND_ENCODER_X86_TRUE=''
COND_FILTER_ARMTHUMB_FALSE='#'
COND_FILTER_ARMTHUMB_TRUE=''
COND_FILTER_ARM_FALSE='#'
COND_FILTER_ARM_TRUE=''
COND_FILTER_DELTA_FALSE='#'
COND_FILTER_DELTA_TRUE=''
COND_FILTER_IA64_FALSE='#'
COND_FILTER_IA64_TRUE=''
COND_FILTER_LZMA1_FALSE='#'
COND_FILTER_LZMA1_TRUE=''
COND_FILTER_LZMA2_FALSE='#'
COND_FILTER_LZMA2_TRUE=''
COND_FILTER_LZ_FALSE='#'
COND_FILTER_LZ_TRUE=''
COND_FILTER_POWERPC_FALSE='#'
COND_FILTER_POWERPC_TRUE=''
COND_FILTER_SIMPLE_FALSE='#'
COND_FILTER_SIMPLE_TRUE=''
COND_FILTER_SPARC_FALSE='#'
COND_FILTER_SPARC_TRUE=''
COND_FILTER_X86_FALSE='#'
COND_FILTER_X86_TRUE=''
COND_GNULIB_FALSE=''
COND_GNULIB_TRUE=''
COND_INTERNAL_SHA256_FALSE=''
COND_INTERNAL_SHA256_TRUE=''
COND_LZMADEC_FALSE='#'
COND_LZMADEC_TRUE=''
COND_LZMAINFO_FALSE='#'
COND_LZMAINFO_TRUE=''
COND_LZMALINKS_FALSE='#'
COND_LZMALINKS_TRUE=''
COND_MAIN_DECODER_FALSE='#'
COND_MAIN_DECODER_TRUE=''
COND_MAIN_ENCODER_FALSE='#'
COND_MAIN_ENCODER_TRUE=''
COND_SCRIPTS_FALSE='#'
COND_SCRIPTS_TRUE=''
COND_SHARED_FALSE=''
COND_SHARED_TRUE=''
COND_SMALL_FALSE=''
COND_SMALL_TRUE='#'
COND_SYMVERS_FALSE='#'
COND_SYMVERS_TRUE=''
COND_THREADS_FALSE=''
COND_THREADS_TRUE=''
COND_W32_FALSE=''
COND_W32_TRUE='#'
COND_XZDEC_FALSE='#'
COND_XZDEC_TRUE=''
COND_XZ_FALSE='#'
COND_XZ_TRUE=''
CPP=''
CPPFLAGS=''
CYGPATH_W=''
DEFS=''
DEPDIR=''
DLLTOOL=''
DSYMUTIL=''
DUMPBIN=''
ECHO_C=''
ECHO_N='-n'
ECHO_T=''
EGREP=''
EXEEXT=''
FGREP=''
GETOPT_H=''
GETTEXT_MACRO_VERSION=''
GMSGFMT=''
GMSGFMT_015=''
GREP=''
HAVE_VISIBILITY=''
INSTALL_DATA='${INSTALL} -m 644'
INSTALL_PROGRAM='${INSTALL}'
INSTALL_SCRIPT='${INSTALL}'
INSTALL_STRIP_PROGRAM='$(install_sh) -c -s'
INTLLIBS=''
INTL_MACOSX_LIBS=''
LD=''
LDFLAGS=''
LIBICONV=''
LIBINTL=''
LIBOBJS=''
LIBS=''
LIBTOOL=''
LIPO=''
LN_EXEEXT='$(EXEEXT)'
LN_S=''
LTLIBICONV=''
LTLIBINTL=''
LTLIBOBJS=''
LT_SYS_LIBRARY_PATH=''
MAKEINFO=''
MANIFEST_TOOL=''
MKDIR_P='/bin/mkdir -p'
MSGFMT=''
MSGFMT_015=''
MSGMERGE=''
NM=''
NMEDIT=''
OBJDUMP=''
OBJEXT=''
OTOOL64=''
OTOOL=''
PACKAGE=''
PACKAGE_BUGREPORT='lasse.collin@tukaani.org'
PACKAGE_NAME='XZ Utils'
PACKAGE_STRING='XZ Utils 5.2.4'
PACKAGE_TARNAME='xz'
PACKAGE_URL='https://tukaani.org/xz/'
PACKAGE_VERSION='5.2.4'
PATH_SEPARATOR=':'
POSIX_SHELL='/bin/bash'
POSUB=''
PREFERABLY_POSIX_SHELL='/bin/bash'
PTHREAD_CC=''
PTHREAD_CFLAGS=''
PTHREAD_LIBS=''
RANLIB=''
RC=''
SED=''
SET_MAKE=''
SHELL='/bin/bash'
STRIP=''
USE_NLS=''
VERSION=''
XGETTEXT=''
XGETTEXT_015=''
XGETTEXT_EXTRA_OPTIONS=''
ac_ct_AR=''
ac_ct_CC=''
ac_ct_DUMPBIN=''
am__EXEEXT_FALSE=''
am__EXEEXT_TRUE=''
am__fastdepCCAS_FALSE=''
am__fastdepCCAS_TRUE=''
am__fastdepCC_FALSE=''
am__fastdepCC_TRUE=''
am__include=''
am__isrc=' -I$(srcdir)'
am__leading_dot='.'
am__nodep=''
am__quote=''
am__tar=''
am__untar=''
ax_pthread_config=''
bindir='${exec_prefix}/bin'
build='x86_64-pc-linux-gnu'
build_alias=''
build_cpu='x86_64'
build_os='linux-gnu'
build_vendor='pc'
datadir='${datarootdir}'
datarootdir='${prefix}/share'
docdir='${datarootdir}/doc/${PACKAGE_TARNAME}'
dvidir='${docdir}'
exec_prefix='NONE'
host='x86_64-pc-linux-gnu'
host_alias=''
host_cpu='x86_64'
host_os='linux-gnu'
host_vendor='pc'
htmldir='${docdir}'
includedir='${prefix}/include'
infodir='${datarootdir}/info'
install_sh='${SHELL} /home/ken/workspace/compute-war/ken/xz-5.2.4/build-aux/install-sh'
libdir='${exec_prefix}/lib'
libexecdir='${exec_prefix}/libexec'
localedir='${datarootdir}/locale'
localstatedir='${prefix}/var'
mandir='${datarootdir}/man'
mkdir_p=''
oldincludedir='/usr/include'
pdfdir='${docdir}'
prefix='NONE'
program_transform_name='s,x,x,'
psdir='${docdir}'
sbindir='${exec_prefix}/sbin'
sharedstatedir='${prefix}/com'
sysconfdir='${prefix}/etc'
target_alias=''
xz=''

## ----------- ##
## confdefs.h. ##
## ----------- ##

/* confdefs.h */
#define PACKAGE_NAME "XZ Utils"
#define PACKAGE_TARNAME "xz"
#define PACKAGE_VERSION "5.2.4"
#define PACKAGE_STRING "XZ Utils 5.2.4"
#define PACKAGE_BUGREPORT "lasse.collin@tukaani.org"
#define PACKAGE_URL "https://tukaani.org/xz/"
#define NDEBUG 1
#define HAVE_ENCODER_LZMA1 1
#define HAVE_ENCODER_LZMA2 1
#define HAVE_ENCODER_DELTA 1
#define HAVE_ENCODER_X86 1
#define HAVE_ENCODER_POWERPC 1
#define HAVE_ENCODER_IA64 1
#define HAVE_ENCODER_ARM 1
#define HAVE_ENCODER_ARMTHUMB 1
#define HAVE_ENCODER_SPARC 1
#define HAVE_ENCODERS 1
#define HAVE_DECODER_LZMA1 1
#define HAVE_DECODER_LZMA2 1
#define HAVE_DECODER_DELTA 1
#define HAVE_DECODER_X86 1
#define HAVE_DECODER_POWERPC 1
#define HAVE_DECODER_IA64 1
#define HAVE_DECODER_ARM 1
#define HAVE_DECODER_ARMTHUMB 1
#define HAVE_DECODER_SPARC 1
#define HAVE_DECODERS 1
#define HAVE_MF_HC3 1
#define HAVE_MF_HC4 1
#define HAVE_MF_BT2 1
#define HAVE_MF_BT3 1
#define HAVE_MF_BT4 1
#define HAVE_CHECK_CRC32 1
#define HAVE_CHECK_CRC64 1
#define HAVE_CHECK_SHA256 1
#define ASSUME_RAM 128

configure: exit 1
